<?xml version="1.0" encoding="UTF-8"?>
<!-- Generated by org.testng.reporters.JUnitReportReporter -->
<testsuite hostname="WIB-DES-00840" name="com.wibmo.test.HomePageTest" tests="1" failures="0" timestamp="7 Feb 2018 07:30:27 GMT" time="9.278" errors="0">
  <testcase name="tapOnDashBoard" time="9.278" classname="com.wibmo.test.HomePageTest"/>
</testsuite> <!-- com.wibmo.test.HomePageTest -->
