<?xml version="1.0" encoding="UTF-8"?>
<!-- Generated by org.testng.reporters.JUnitReportReporter -->
<testsuite hostname="WIB-DES-00840" name="com.wibmo.test.HomePageTest" tests="2" failures="0" timestamp="2 Feb 2018 10:55:37 GMT" time="9.395" errors="0">
  <testcase name="clickOnRechargeServices" time="1.654" classname="com.wibmo.test.HomePageTest"/>
  <testcase name="tapOnDashBoard" time="7.741" classname="com.wibmo.test.HomePageTest"/>
</testsuite> <!-- com.wibmo.test.HomePageTest -->
