<?xml version="1.0" encoding="UTF-8"?>
<!-- Generated by org.testng.reporters.JUnitReportReporter -->
<testsuite hostname="WIB-DES-00840" name="com.wibmo.test.LoginPageTest" tests="1" failures="0" timestamp="7 Feb 2018 07:30:27 GMT" time="25.207" errors="0">
  <testcase name="enterLoginCredentials" time="25.207" classname="com.wibmo.test.LoginPageTest"/>
</testsuite> <!-- com.wibmo.test.LoginPageTest -->
