<?xml version="1.0" encoding="UTF-8"?>
<!-- Generated by org.testng.reporters.JUnitReportReporter -->
<testsuite hostname="WIB-DES-00840" name="com.wibmo.test.RechargeServicesPageTest" tests="1" failures="0" timestamp="7 Feb 2018 07:30:27 GMT" time="5.319" errors="0">
  <testcase name="clickOnMobileRecharge" time="5.319" classname="com.wibmo.test.RechargeServicesPageTest"/>
</testsuite> <!-- com.wibmo.test.RechargeServicesPageTest -->
