<?xml version="1.0" encoding="UTF-8"?>
<!-- Generated by org.testng.reporters.JUnitReportReporter -->
<testsuite hostname="WIB-DES-00840" name="com.wibmo.test.DataCardRechargePayPageTest" tests="2" failures="0" timestamp="27 Feb 2018 10:11:24 GMT" time="282.675" errors="0">
  <testcase name="TC_02" time="141.200" classname="com.wibmo.test.DataCardRechargePayPageTest"/>
  <testcase name="TC_01" time="141.475" classname="com.wibmo.test.DataCardRechargePayPageTest"/>
</testsuite> <!-- com.wibmo.test.DataCardRechargePayPageTest -->
