<?xml version="1.0" encoding="UTF-8"?>
<!-- Generated by org.testng.reporters.JUnitReportReporter -->
<testsuite hostname="WIB-DES-00840" name="com.wibmo.test.LoginPageTest" tests="1" failures="0" timestamp="2 Feb 2018 10:50:16 GMT" time="18.137" errors="0">
  <testcase name="enterLoginCredentials" time="18.137" classname="com.wibmo.test.LoginPageTest"/>
</testsuite> <!-- com.wibmo.test.LoginPageTest -->
